# JRE version: OpenJDK Runtime Environment GraalVM CE 21.3.0 (11.0.13+7) (build 11.0.13+7-jvmci-21.3-b05)
# Java VM: OpenJDK 64-Bit Server VM GraalVM CE 21.3.0 (11.0.13+7-jvmci-21.3-b05, mixed mode, sharing, tiered, jvmci, jvmci compiler, compressed oops, g1 gc, bsd-amd64)
Heap:
 garbage-first heap   total 720896K, used 147783K [0x0000000600000000, 0x0000000800000000)
  region size 2048K, 60 young (122880K), 10 survivors (20480K)
 Metaspace       used 53648K, capacity 55829K, committed 55852K, reserved 1097728K
  class space    used 6362K, capacity 7282K, committed 7296K, reserved 1048576K
GC Heap History (12 events):
Event: 0.387 GC heap before
{Heap before GC invocations=0 (full 0):
 garbage-first heap   total 528384K, used 24284K [0x0000000600000000, 0x0000000800000000)
  region size 2048K, 12 young (24576K), 0 survivors (0K)
 Metaspace       used 4153K, capacity 6024K, committed 6272K, reserved 1056768K
  class space    used 367K, capacity 617K, committed 640K, reserved 1048576K
}
Event: 0.394 GC heap after
{Heap after GC invocations=1 (full 0):
 garbage-first heap   total 528384K, used 12707K [0x0000000600000000, 0x0000000800000000)
  region size 2048K, 2 young (4096K), 2 survivors (4096K)
 Metaspace       used 4153K, capacity 6024K, committed 6272K, reserved 1056768K
  class space    used 367K, capacity 617K, committed 640K, reserved 1048576K
}
Event: 0.513 GC heap before
{Heap before GC invocations=1 (full 0):
 garbage-first heap   total 528384K, used 33187K [0x0000000600000000, 0x0000000800000000)
  region size 2048K, 12 young (24576K), 2 survivors (4096K)
 Metaspace       used 4703K, capacity 6220K, committed 6400K, reserved 1056768K
  class space    used 414K, capacity 661K, committed 768K, reserved 1048576K
}
Event: 0.519 GC heap after
{Heap after GC invocations=2 (full 0):
 garbage-first heap   total 528384K, used 17857K [0x0000000600000000, 0x0000000800000000)
  region size 2048K, 2 young (4096K), 2 survivors (4096K)
 Metaspace       used 4703K, capacity 6220K, committed 6400K, reserved 1056768K
  class space    used 414K, capacity 661K, committed 768K, reserved 1048576K
}
Event: 0.709 GC heap before
{Heap before GC invocations=2 (full 0):
 garbage-first heap   total 528384K, used 50625K [0x0000000600000000, 0x0000000800000000)
  region size 2048K, 18 young (36864K), 2 survivors (4096K)
 Metaspace       used 7060K, capacity 7679K, committed 7808K, reserved 1056768K
  class space    used 671K, capacity 894K, committed 896K, reserved 1048576K
}
Event: 0.716 GC heap after
{Heap after GC invocations=3 (full 0):
 garbage-first heap   total 528384K, used 23790K [0x0000000600000000, 0x0000000800000000)
  region size 2048K, 3 young (6144K), 3 survivors (6144K)
 Metaspace       used 7060K, capacity 7679K, committed 7808K, reserved 1056768K
  class space    used 671K, capacity 894K, committed 896K, reserved 1048576K
}
Event: 1.057 GC heap before
{Heap before GC invocations=3 (full 0):
 garbage-first heap   total 528384K, used 72942K [0x0000000600000000, 0x0000000800000000)
  region size 2048K, 27 young (55296K), 3 survivors (6144K)
 Metaspace       used 13185K, capacity 13923K, committed 14080K, reserved 1060864K
  class space    used 1432K, capacity 1707K, committed 1792K, reserved 1048576K
}
Event: 1.065 GC heap after
{Heap after GC invocations=4 (full 0):
 garbage-first heap   total 528384K, used 28944K [0x0000000600000000, 0x0000000800000000)
  region size 2048K, 3 young (6144K), 3 survivors (6144K)
 Metaspace       used 13185K, capacity 13923K, committed 14080K, reserved 1060864K
  class space    used 1432K, capacity 1707K, committed 1792K, reserved 1048576K
}
Event: 1.279 GC heap before
{Heap before GC invocations=4 (full 0):
 garbage-first heap   total 528384K, used 82192K [0x0000000600000000, 0x0000000800000000)
  region size 2048K, 31 young (63488K), 3 survivors (6144K)
 Metaspace       used 20320K, capacity 21166K, committed 21248K, reserved 1069056K
  class space    used 2221K, capacity 2546K, committed 2560K, reserved 1048576K
}
Event: 1.286 GC heap after
{Heap after GC invocations=5 (full 0):
 garbage-first heap   total 720896K, used 31801K [0x0000000600000000, 0x0000000800000000)
  region size 2048K, 4 young (8192K), 4 survivors (8192K)
 Metaspace       used 20320K, capacity 21166K, committed 21248K, reserved 1069056K
  class space    used 2221K, capacity 2546K, committed 2560K, reserved 1048576K
}
Event: 2.179 GC heap before
{Heap before GC invocations=6 (full 0):
 garbage-first heap   total 720896K, used 203833K [0x0000000600000000, 0x0000000800000000)
  region size 2048K, 89 young (182272K), 4 survivors (8192K)
 Metaspace       used 33670K, capacity 35518K, committed 35628K, reserved 1081344K
  class space    used 3921K, capacity 4697K, committed 4736K, reserved 1048576K
}
Event: 2.191 GC heap after
{Heap after GC invocations=7 (full 0):
 garbage-first heap   total 720896K, used 43335K [0x0000000600000000, 0x0000000800000000)
  region size 2048K, 10 young (20480K), 10 survivors (20480K)
 Metaspace       used 33670K, capacity 35518K, committed 35628K, reserved 1081344K
  class space    used 3921K, capacity 4697K, committed 4736K, reserved 1048576K
}

